Performance Statistics   2017-10-02 21:48:18 - 2017-10-02 21:48:19
Tag                                                  Avg(ms)         Min         Max     Std Dev       Count

Performance Statistics   2017-10-02 21:48:19 - 2017-10-02 21:48:20
Tag                                                  Avg(ms)         Min         Max     Std Dev       Count

Performance Statistics   2017-10-02 21:48:20 - 2017-10-02 21:48:21
Tag                                                  Avg(ms)         Min         Max     Std Dev       Count

Performance Statistics   2017-10-02 21:48:21 - 2017-10-02 21:48:22
Tag                                                  Avg(ms)         Min         Max     Std Dev       Count

Performance Statistics   2017-10-02 21:48:22 - 2017-10-02 21:48:23
Tag                                                  Avg(ms)         Min         Max     Std Dev       Count
main                                                  6093.0        6093        6093         0.0           1

Performance Statistics   2017-10-02 21:48:24 - 2017-10-02 21:48:25
Tag                                                  Avg(ms)         Min         Max     Std Dev       Count

Performance Statistics   2017-10-02 21:48:25 - 2017-10-02 21:48:26
Tag                                                  Avg(ms)         Min         Max     Std Dev       Count

Performance Statistics   2017-10-02 21:48:26 - 2017-10-02 21:48:27
Tag                                                  Avg(ms)         Min         Max     Std Dev       Count

Performance Statistics   2017-10-02 21:48:27 - 2017-10-02 21:48:28
Tag                                                  Avg(ms)         Min         Max     Std Dev       Count

Performance Statistics   2017-10-02 21:48:28 - 2017-10-02 21:48:29
Tag                                                  Avg(ms)         Min         Max     Std Dev       Count

Performance Statistics   2017-10-02 21:48:29 - 2017-10-02 21:48:30
Tag                                                  Avg(ms)         Min         Max     Std Dev       Count

Performance Statistics   2017-10-02 21:48:30 - 2017-10-02 21:48:31
Tag                                                  Avg(ms)         Min         Max     Std Dev       Count

Performance Statistics   2017-10-02 21:48:31 - 2017-10-02 21:48:32
Tag                                                  Avg(ms)         Min         Max     Std Dev       Count

Performance Statistics   2017-10-02 21:48:32 - 2017-10-02 21:48:33
Tag                                                  Avg(ms)         Min         Max     Std Dev       Count

Performance Statistics   2017-10-02 21:48:33 - 2017-10-02 21:48:34
Tag                                                  Avg(ms)         Min         Max     Std Dev       Count

Performance Statistics   2017-10-02 21:48:34 - 2017-10-02 21:48:35
Tag                                                  Avg(ms)         Min         Max     Std Dev       Count

Performance Statistics   2017-10-02 21:48:35 - 2017-10-02 21:48:36
Tag                                                  Avg(ms)         Min         Max     Std Dev       Count

Performance Statistics   2017-10-02 21:48:36 - 2017-10-02 21:48:37
Tag                                                  Avg(ms)         Min         Max     Std Dev       Count

Performance Statistics   2017-10-02 21:48:37 - 2017-10-02 21:48:38
Tag                                                  Avg(ms)         Min         Max     Std Dev       Count

Performance Statistics   2017-10-02 21:48:38 - 2017-10-02 21:48:39
Tag                                                  Avg(ms)         Min         Max     Std Dev       Count

Performance Statistics   2017-10-02 21:48:39 - 2017-10-02 21:48:40
Tag                                                  Avg(ms)         Min         Max     Std Dev       Count

Performance Statistics   2017-10-02 21:48:40 - 2017-10-02 21:48:41
Tag                                                  Avg(ms)         Min         Max     Std Dev       Count

Performance Statistics   2017-10-02 21:48:41 - 2017-10-02 21:48:42
Tag                                                  Avg(ms)         Min         Max     Std Dev       Count

Performance Statistics   2017-10-02 21:48:42 - 2017-10-02 21:48:43
Tag                                                  Avg(ms)         Min         Max     Std Dev       Count

Performance Statistics   2017-10-02 21:48:43 - 2017-10-02 21:48:44
Tag                                                  Avg(ms)         Min         Max     Std Dev       Count

Performance Statistics   2017-10-02 21:48:44 - 2017-10-02 21:48:45
Tag                                                  Avg(ms)         Min         Max     Std Dev       Count

Performance Statistics   2017-10-02 21:48:45 - 2017-10-02 21:48:46
Tag                                                  Avg(ms)         Min         Max     Std Dev       Count

Performance Statistics   2017-10-02 21:48:46 - 2017-10-02 21:48:47
Tag                                                  Avg(ms)         Min         Max     Std Dev       Count

Performance Statistics   2017-10-02 21:48:47 - 2017-10-02 21:48:48
Tag                                                  Avg(ms)         Min         Max     Std Dev       Count

Performance Statistics   2017-10-02 21:48:48 - 2017-10-02 21:48:49
Tag                                                  Avg(ms)         Min         Max     Std Dev       Count

Performance Statistics   2017-10-02 21:48:49 - 2017-10-02 21:48:50
Tag                                                  Avg(ms)         Min         Max     Std Dev       Count

Performance Statistics   2017-10-02 21:48:50 - 2017-10-02 21:48:51
Tag                                                  Avg(ms)         Min         Max     Std Dev       Count

Performance Statistics   2017-10-02 21:48:51 - 2017-10-02 21:48:52
Tag                                                  Avg(ms)         Min         Max     Std Dev       Count

Performance Statistics   2017-10-02 21:48:52 - 2017-10-02 21:48:53
Tag                                                  Avg(ms)         Min         Max     Std Dev       Count

Performance Statistics   2017-10-02 21:48:53 - 2017-10-02 21:48:54
Tag                                                  Avg(ms)         Min         Max     Std Dev       Count

Performance Statistics   2017-10-02 21:48:54 - 2017-10-02 21:48:55
Tag                                                  Avg(ms)         Min         Max     Std Dev       Count

Performance Statistics   2017-10-02 21:48:55 - 2017-10-02 21:48:56
Tag                                                  Avg(ms)         Min         Max     Std Dev       Count

Performance Statistics   2017-10-02 21:48:56 - 2017-10-02 21:48:57
Tag                                                  Avg(ms)         Min         Max     Std Dev       Count

Performance Statistics   2017-10-02 21:48:57 - 2017-10-02 21:48:58
Tag                                                  Avg(ms)         Min         Max     Std Dev       Count

Performance Statistics   2017-10-02 21:48:58 - 2017-10-02 21:48:59
Tag                                                  Avg(ms)         Min         Max     Std Dev       Count

Performance Statistics   2017-10-02 21:48:59 - 2017-10-02 21:49:00
Tag                                                  Avg(ms)         Min         Max     Std Dev       Count

Performance Statistics   2017-10-02 21:49:00 - 2017-10-02 21:49:01
Tag                                                  Avg(ms)         Min         Max     Std Dev       Count
LTMRestController.create                               786.0         786         786         0.0           1
TaskDaoImpl.create                                     769.0         769         769         0.0           1

Performance Statistics   2017-10-02 21:49:01 - 2017-10-02 21:49:02
Tag                                                  Avg(ms)         Min         Max     Std Dev       Count

Performance Statistics   2017-10-02 21:49:02 - 2017-10-02 21:49:03
Tag                                                  Avg(ms)         Min         Max     Std Dev       Count

Performance Statistics   2017-10-02 21:49:03 - 2017-10-02 21:49:04
Tag                                                  Avg(ms)         Min         Max     Std Dev       Count

Performance Statistics   2017-10-02 21:49:04 - 2017-10-02 21:49:05
Tag                                                  Avg(ms)         Min         Max     Std Dev       Count

Performance Statistics   2017-10-02 21:49:05 - 2017-10-02 21:49:06
Tag                                                  Avg(ms)         Min         Max     Std Dev       Count

Performance Statistics   2017-10-02 21:49:06 - 2017-10-02 21:49:07
Tag                                                  Avg(ms)         Min         Max     Std Dev       Count

Performance Statistics   2017-10-02 21:49:07 - 2017-10-02 21:49:08
Tag                                                  Avg(ms)         Min         Max     Std Dev       Count

Performance Statistics   2017-10-02 21:49:08 - 2017-10-02 21:49:09
Tag                                                  Avg(ms)         Min         Max     Std Dev       Count

Performance Statistics   2017-10-02 21:49:09 - 2017-10-02 21:49:10
Tag                                                  Avg(ms)         Min         Max     Std Dev       Count

Performance Statistics   2017-10-02 21:49:10 - 2017-10-02 21:49:11
Tag                                                  Avg(ms)         Min         Max     Std Dev       Count

Performance Statistics   2017-10-02 21:49:11 - 2017-10-02 21:49:12
Tag                                                  Avg(ms)         Min         Max     Std Dev       Count

Performance Statistics   2017-10-02 21:49:12 - 2017-10-02 21:49:13
Tag                                                  Avg(ms)         Min         Max     Std Dev       Count

Performance Statistics   2017-10-02 21:49:13 - 2017-10-02 21:49:14
Tag                                                  Avg(ms)         Min         Max     Std Dev       Count

Performance Statistics   2017-10-02 21:49:14 - 2017-10-02 21:49:15
Tag                                                  Avg(ms)         Min         Max     Std Dev       Count

Performance Statistics   2017-10-02 21:49:15 - 2017-10-02 21:49:16
Tag                                                  Avg(ms)         Min         Max     Std Dev       Count

Performance Statistics   2017-10-02 21:49:16 - 2017-10-02 21:49:17
Tag                                                  Avg(ms)         Min         Max     Std Dev       Count

Performance Statistics   2017-10-02 21:49:17 - 2017-10-02 21:49:18
Tag                                                  Avg(ms)         Min         Max     Std Dev       Count

Performance Statistics   2017-10-02 21:49:18 - 2017-10-02 21:49:19
Tag                                                  Avg(ms)         Min         Max     Std Dev       Count

Performance Statistics   2017-10-02 21:49:19 - 2017-10-02 21:49:20
Tag                                                  Avg(ms)         Min         Max     Std Dev       Count

Performance Statistics   2017-10-02 21:49:20 - 2017-10-02 21:49:21
Tag                                                  Avg(ms)         Min         Max     Std Dev       Count

Performance Statistics   2017-10-02 21:49:21 - 2017-10-02 21:49:22
Tag                                                  Avg(ms)         Min         Max     Std Dev       Count

Performance Statistics   2017-10-02 21:49:22 - 2017-10-02 21:49:23
Tag                                                  Avg(ms)         Min         Max     Std Dev       Count

Performance Statistics   2017-10-02 21:49:23 - 2017-10-02 21:49:24
Tag                                                  Avg(ms)         Min         Max     Std Dev       Count

Performance Statistics   2017-10-02 21:49:24 - 2017-10-02 21:49:25
Tag                                                  Avg(ms)         Min         Max     Std Dev       Count

Performance Statistics   2017-10-02 21:49:25 - 2017-10-02 21:49:26
Tag                                                  Avg(ms)         Min         Max     Std Dev       Count

Performance Statistics   2017-10-02 21:49:26 - 2017-10-02 21:49:27
Tag                                                  Avg(ms)         Min         Max     Std Dev       Count

Performance Statistics   2017-10-02 21:49:27 - 2017-10-02 21:49:28
Tag                                                  Avg(ms)         Min         Max     Std Dev       Count

Performance Statistics   2017-10-02 21:49:28 - 2017-10-02 21:49:29
Tag                                                  Avg(ms)         Min         Max     Std Dev       Count

Performance Statistics   2017-10-02 21:49:29 - 2017-10-02 21:49:30
Tag                                                  Avg(ms)         Min         Max     Std Dev       Count

Performance Statistics   2017-10-02 21:49:30 - 2017-10-02 21:49:31
Tag                                                  Avg(ms)         Min         Max     Std Dev       Count

Performance Statistics   2017-10-02 21:49:31 - 2017-10-02 21:49:32
Tag                                                  Avg(ms)         Min         Max     Std Dev       Count

Performance Statistics   2017-10-02 21:49:32 - 2017-10-02 21:49:33
Tag                                                  Avg(ms)         Min         Max     Std Dev       Count

Performance Statistics   2017-10-02 21:49:33 - 2017-10-02 21:49:34
Tag                                                  Avg(ms)         Min         Max     Std Dev       Count

Performance Statistics   2017-10-02 21:49:34 - 2017-10-02 21:49:35
Tag                                                  Avg(ms)         Min         Max     Std Dev       Count

Performance Statistics   2017-10-02 21:49:35 - 2017-10-02 21:49:36
Tag                                                  Avg(ms)         Min         Max     Std Dev       Count

Performance Statistics   2017-10-02 21:49:36 - 2017-10-02 21:49:37
Tag                                                  Avg(ms)         Min         Max     Std Dev       Count

Performance Statistics   2017-10-02 21:49:37 - 2017-10-02 21:49:38
Tag                                                  Avg(ms)         Min         Max     Std Dev       Count

Performance Statistics   2017-10-02 21:49:38 - 2017-10-02 21:49:39
Tag                                                  Avg(ms)         Min         Max     Std Dev       Count

Performance Statistics   2017-10-02 21:49:39 - 2017-10-02 21:49:40
Tag                                                  Avg(ms)         Min         Max     Std Dev       Count

Performance Statistics   2017-10-02 21:49:40 - 2017-10-02 21:49:41
Tag                                                  Avg(ms)         Min         Max     Std Dev       Count

Performance Statistics   2017-10-02 21:49:41 - 2017-10-02 21:49:42
Tag                                                  Avg(ms)         Min         Max     Std Dev       Count

Performance Statistics   2017-10-02 21:49:42 - 2017-10-02 21:49:43
Tag                                                  Avg(ms)         Min         Max     Std Dev       Count

Performance Statistics   2017-10-02 21:49:43 - 2017-10-02 21:49:44
Tag                                                  Avg(ms)         Min         Max     Std Dev       Count

Performance Statistics   2017-10-02 21:49:44 - 2017-10-02 21:49:45
Tag                                                  Avg(ms)         Min         Max     Std Dev       Count

Performance Statistics   2017-10-02 21:49:45 - 2017-10-02 21:49:46
Tag                                                  Avg(ms)         Min         Max     Std Dev       Count

Performance Statistics   2017-10-02 21:49:46 - 2017-10-02 21:49:47
Tag                                                  Avg(ms)         Min         Max     Std Dev       Count

Performance Statistics   2017-10-02 21:49:47 - 2017-10-02 21:49:48
Tag                                                  Avg(ms)         Min         Max     Std Dev       Count

Performance Statistics   2017-10-02 21:49:48 - 2017-10-02 21:49:49
Tag                                                  Avg(ms)         Min         Max     Std Dev       Count

Performance Statistics   2017-10-02 21:49:49 - 2017-10-02 21:49:50
Tag                                                  Avg(ms)         Min         Max     Std Dev       Count

Performance Statistics   2017-10-02 21:49:50 - 2017-10-02 21:49:51
Tag                                                  Avg(ms)         Min         Max     Std Dev       Count

Performance Statistics   2017-10-02 21:49:51 - 2017-10-02 21:49:52
Tag                                                  Avg(ms)         Min         Max     Std Dev       Count

Performance Statistics   2017-10-02 21:49:52 - 2017-10-02 21:49:53
Tag                                                  Avg(ms)         Min         Max     Std Dev       Count

Performance Statistics   2017-10-02 21:49:53 - 2017-10-02 21:49:54
Tag                                                  Avg(ms)         Min         Max     Std Dev       Count

Performance Statistics   2017-10-02 21:49:54 - 2017-10-02 21:49:55
Tag                                                  Avg(ms)         Min         Max     Std Dev       Count

Performance Statistics   2017-10-02 21:49:55 - 2017-10-02 21:49:56
Tag                                                  Avg(ms)         Min         Max     Std Dev       Count

Performance Statistics   2017-10-02 21:49:56 - 2017-10-02 21:49:57
Tag                                                  Avg(ms)         Min         Max     Std Dev       Count

Performance Statistics   2017-10-02 21:49:57 - 2017-10-02 21:49:58
Tag                                                  Avg(ms)         Min         Max     Std Dev       Count

Performance Statistics   2017-10-02 21:49:58 - 2017-10-02 21:49:59
Tag                                                  Avg(ms)         Min         Max     Std Dev       Count

Performance Statistics   2017-10-02 21:49:59 - 2017-10-02 21:50:00
Tag                                                  Avg(ms)         Min         Max     Std Dev       Count

Performance Statistics   2017-10-02 21:50:00 - 2017-10-02 21:50:01
Tag                                                  Avg(ms)         Min         Max     Std Dev       Count

Performance Statistics   2017-10-02 21:50:01 - 2017-10-02 21:50:02
Tag                                                  Avg(ms)         Min         Max     Std Dev       Count

Performance Statistics   2017-10-02 21:50:02 - 2017-10-02 21:50:03
Tag                                                  Avg(ms)         Min         Max     Std Dev       Count

Performance Statistics   2017-10-02 21:50:03 - 2017-10-02 21:50:04
Tag                                                  Avg(ms)         Min         Max     Std Dev       Count

